<?xml version="1.0" encoding="UTF-8"?>
<testng-results skipped="0" failed="0" ignored="0" total="1" passed="1">
  <reporter-output>
  </reporter-output>
  <suite name="Default suite" duration-ms="10506" started-at="2019-12-09T17:39:19Z" finished-at="2019-12-09T17:39:30Z">
    <groups>
    </groups>
    <test name="Default test" duration-ms="10506" started-at="2019-12-09T17:39:19Z" finished-at="2019-12-09T17:39:30Z">
      <class name="com.inetbanking.testCases.TC_LoginTest_001">
        <test-method status="PASS" signature="setup()[pri:0, instance:com.inetbanking.testCases.TC_LoginTest_001@1a968a59]" name="setup" is-config="true" duration-ms="7550" started-at="2019-12-09T17:39:19Z" finished-at="2019-12-09T17:39:27Z">
          <reporter-output>
          </reporter-output>
        </test-method> <!-- setup -->
        <test-method status="PASS" signature="loginTest()[pri:0, instance:com.inetbanking.testCases.TC_LoginTest_001@1a968a59]" name="loginTest" duration-ms="2079" started-at="2019-12-09T17:39:27Z" finished-at="2019-12-09T17:39:29Z">
          <reporter-output>
          </reporter-output>
        </test-method> <!-- loginTest -->
        <test-method status="PASS" signature="tearDown()[pri:0, instance:com.inetbanking.testCases.TC_LoginTest_001@1a968a59]" name="tearDown" is-config="true" duration-ms="838" started-at="2019-12-09T17:39:29Z" finished-at="2019-12-09T17:39:30Z">
          <reporter-output>
          </reporter-output>
        </test-method> <!-- tearDown -->
      </class> <!-- com.inetbanking.testCases.TC_LoginTest_001 -->
    </test> <!-- Default test -->
  </suite> <!-- Default suite -->
</testng-results>
